{"C:\\Users\\Tony\\Documents\\RealFans\\realfans\\client\\src\\App.js": {"path":"C:\\Users\\Tony\\Documents\\RealFans\\realfans\\client\\src\\App.js","statementMap":{"0":{"start":{"line":18,"column":12},"end":{"line":42,"column":1}},"1":{"start":{"line":19,"column":2},"end":{"line":41,"column":4}}},"fnMap":{"0":{"name":"(anonymous_0)","decl":{"start":{"line":18,"column":12},"end":{"line":18,"column":13}},"loc":{"start":{"line":18,"column":18},"end":{"line":42,"column":1}},"line":18}},"branchMap":{},"s":{"0":0,"1":0},"f":{"0":0},"b":{}}
,"C:\\Users\\Tony\\Documents\\RealFans\\realfans\\client\\src\\http-common.js": {"path":"C:\\Users\\Tony\\Documents\\RealFans\\realfans\\client\\src\\http-common.js","statementMap":{},"fnMap":{},"branchMap":{},"s":{},"f":{},"b":{},"_coverageSchema":"1a1c01bbd47fc00a2c39e90264f33305004495a9","hash":"3c7139c43e3cf0a5d671a00addf18b7f253160d9"}
,"C:\\Users\\Tony\\Documents\\RealFans\\realfans\\client\\src\\index.js": {"path":"C:\\Users\\Tony\\Documents\\RealFans\\realfans\\client\\src\\index.js","statementMap":{"0":{"start":{"line":7,"column":0},"end":{"line":7,"column":58}}},"fnMap":{},"branchMap":{},"s":{"0":0},"f":{},"b":{}}
,"C:\\Users\\Tony\\Documents\\RealFans\\realfans\\client\\src\\Components\\Bookmarks\\Bookmarks.js": {"path":"C:\\Users\\Tony\\Documents\\RealFans\\realfans\\client\\src\\Components\\Bookmarks\\Bookmarks.js","statementMap":{"0":{"start":{"line":1,"column":18},"end":{"line":7,"column":1}},"1":{"start":{"line":2,"column":2},"end":{"line":6,"column":4}}},"fnMap":{"0":{"name":"(anonymous_0)","decl":{"start":{"line":1,"column":18},"end":{"line":1,"column":19}},"loc":{"start":{"line":1,"column":24},"end":{"line":7,"column":1}},"line":1}},"branchMap":{},"s":{"0":0,"1":0},"f":{"0":0},"b":{}}
,"C:\\Users\\Tony\\Documents\\RealFans\\realfans\\client\\src\\Components\\Explore\\Explore.js": {"path":"C:\\Users\\Tony\\Documents\\RealFans\\realfans\\client\\src\\Components\\Explore\\Explore.js","statementMap":{"0":{"start":{"line":1,"column":16},"end":{"line":7,"column":1}},"1":{"start":{"line":2,"column":2},"end":{"line":6,"column":4}}},"fnMap":{"0":{"name":"(anonymous_0)","decl":{"start":{"line":1,"column":16},"end":{"line":1,"column":17}},"loc":{"start":{"line":1,"column":22},"end":{"line":7,"column":1}},"line":1}},"branchMap":{},"s":{"0":0,"1":0},"f":{"0":0},"b":{}}
,"C:\\Users\\Tony\\Documents\\RealFans\\realfans\\client\\src\\Components\\Feed\\Feed.js": {"path":"C:\\Users\\Tony\\Documents\\RealFans\\realfans\\client\\src\\Components\\Feed\\Feed.js","statementMap":{"0":{"start":{"line":4,"column":13},"end":{"line":12,"column":1}},"1":{"start":{"line":5,"column":2},"end":{"line":11,"column":4}}},"fnMap":{"0":{"name":"(anonymous_0)","decl":{"start":{"line":4,"column":13},"end":{"line":4,"column":14}},"loc":{"start":{"line":4,"column":19},"end":{"line":12,"column":1}},"line":4}},"branchMap":{},"s":{"0":0,"1":0},"f":{"0":0},"b":{}}
,"C:\\Users\\Tony\\Documents\\RealFans\\realfans\\client\\src\\Components\\Feed\\Post\\Post.js": {"path":"C:\\Users\\Tony\\Documents\\RealFans\\realfans\\client\\src\\Components\\Feed\\Post\\Post.js","statementMap":{"0":{"start":{"line":3,"column":13},"end":{"line":5,"column":1}},"1":{"start":{"line":4,"column":2},"end":{"line":4,"column":21}}},"fnMap":{"0":{"name":"(anonymous_0)","decl":{"start":{"line":3,"column":13},"end":{"line":3,"column":14}},"loc":{"start":{"line":3,"column":19},"end":{"line":5,"column":1}},"line":3}},"branchMap":{},"s":{"0":0,"1":0},"f":{"0":0},"b":{}}
,"C:\\Users\\Tony\\Documents\\RealFans\\realfans\\client\\src\\Components\\HomeLayout\\Home.js": {"path":"C:\\Users\\Tony\\Documents\\RealFans\\realfans\\client\\src\\Components\\HomeLayout\\Home.js","statementMap":{"0":{"start":{"line":4,"column":13},"end":{"line":11,"column":1}},"1":{"start":{"line":5,"column":2},"end":{"line":10,"column":4}}},"fnMap":{"0":{"name":"(anonymous_0)","decl":{"start":{"line":4,"column":13},"end":{"line":4,"column":14}},"loc":{"start":{"line":4,"column":24},"end":{"line":11,"column":1}},"line":4}},"branchMap":{},"s":{"0":0,"1":0},"f":{"0":0},"b":{}}
,"C:\\Users\\Tony\\Documents\\RealFans\\realfans\\client\\src\\Components\\HomeLayout\\HomeLayoutRoutes.js": {"path":"C:\\Users\\Tony\\Documents\\RealFans\\realfans\\client\\src\\Components\\HomeLayout\\HomeLayoutRoutes.js","statementMap":{"0":{"start":{"line":6,"column":24},"end":{"line":17,"column":1}},"1":{"start":{"line":7,"column":2},"end":{"line":16,"column":4}},"2":{"start":{"line":11,"column":8},"end":{"line":13,"column":15}}},"fnMap":{"0":{"name":"(anonymous_0)","decl":{"start":{"line":6,"column":24},"end":{"line":6,"column":25}},"loc":{"start":{"line":6,"column":63},"end":{"line":17,"column":1}},"line":6},"1":{"name":"(anonymous_1)","decl":{"start":{"line":10,"column":14},"end":{"line":10,"column":15}},"loc":{"start":{"line":11,"column":8},"end":{"line":13,"column":15}},"line":11}},"branchMap":{},"s":{"0":0,"1":0,"2":0},"f":{"0":0,"1":0},"b":{}}
,"C:\\Users\\Tony\\Documents\\RealFans\\realfans\\client\\src\\Components\\HomeLayout\\NavLink.js": {"path":"C:\\Users\\Tony\\Documents\\RealFans\\realfans\\client\\src\\Components\\HomeLayout\\NavLink.js","statementMap":{"0":{"start":{"line":3,"column":16},"end":{"line":13,"column":1}},"1":{"start":{"line":4,"column":14},"end":{"line":4,"column":69}},"2":{"start":{"line":5,"column":2},"end":{"line":12,"column":4}}},"fnMap":{"0":{"name":"(anonymous_0)","decl":{"start":{"line":3,"column":16},"end":{"line":3,"column":17}},"loc":{"start":{"line":3,"column":61},"end":{"line":13,"column":1}},"line":3}},"branchMap":{"0":{"loc":{"start":{"line":7,"column":33},"end":{"line":7,"column":59}},"type":"binary-expr","locations":[{"start":{"line":7,"column":33},"end":{"line":7,"column":38}},{"start":{"line":7,"column":42},"end":{"line":7,"column":59}}],"line":7}},"s":{"0":0,"1":0,"2":0},"f":{"0":0},"b":{"0":[0,0]}}
,"C:\\Users\\Tony\\Documents\\RealFans\\realfans\\client\\src\\Components\\HomeLayout\\Navbar.js": {"path":"C:\\Users\\Tony\\Documents\\RealFans\\realfans\\client\\src\\Components\\HomeLayout\\Navbar.js","statementMap":{"0":{"start":{"line":16,"column":15},"end":{"line":56,"column":1}},"1":{"start":{"line":17,"column":2},"end":{"line":55,"column":4}}},"fnMap":{"0":{"name":"(anonymous_0)","decl":{"start":{"line":16,"column":15},"end":{"line":16,"column":16}},"loc":{"start":{"line":16,"column":21},"end":{"line":56,"column":1}},"line":16}},"branchMap":{},"s":{"0":0,"1":0},"f":{"0":0},"b":{}}
,"C:\\Users\\Tony\\Documents\\RealFans\\realfans\\client\\src\\Components\\LandingPage\\LandingPage.js": {"path":"C:\\Users\\Tony\\Documents\\RealFans\\realfans\\client\\src\\Components\\LandingPage\\LandingPage.js","statementMap":{"0":{"start":{"line":11,"column":20},"end":{"line":54,"column":1}},"1":{"start":{"line":12,"column":22},"end":{"line":14,"column":3}},"2":{"start":{"line":13,"column":4},"end":{"line":13,"column":18}},"3":{"start":{"line":16,"column":26},"end":{"line":16,"column":43}},"4":{"start":{"line":17,"column":2},"end":{"line":53,"column":4}}},"fnMap":{"0":{"name":"(anonymous_0)","decl":{"start":{"line":11,"column":20},"end":{"line":11,"column":21}},"loc":{"start":{"line":11,"column":26},"end":{"line":54,"column":1}},"line":11},"1":{"name":"(anonymous_1)","decl":{"start":{"line":12,"column":22},"end":{"line":12,"column":23}},"loc":{"start":{"line":12,"column":32},"end":{"line":14,"column":3}},"line":12}},"branchMap":{"0":{"loc":{"start":{"line":45,"column":11},"end":{"line":49,"column":11}},"type":"cond-expr","locations":[{"start":{"line":46,"column":12},"end":{"line":46,"column":50}},{"start":{"line":48,"column":12},"end":{"line":48,"column":51}}],"line":45}},"s":{"0":0,"1":0,"2":0,"3":0,"4":0},"f":{"0":0,"1":0},"b":{"0":[0,0]}}
,"C:\\Users\\Tony\\Documents\\RealFans\\realfans\\client\\src\\Components\\LandingPage\\LoginForm.js": {"path":"C:\\Users\\Tony\\Documents\\RealFans\\realfans\\client\\src\\Components\\LandingPage\\LoginForm.js","statementMap":{"0":{"start":{"line":10,"column":18},"end":{"line":118,"column":1}},"1":{"start":{"line":11,"column":38},"end":{"line":11,"column":75}},"2":{"start":{"line":12,"column":38},"end":{"line":15,"column":4}},"3":{"start":{"line":16,"column":38},"end":{"line":16,"column":53}},"4":{"start":{"line":18,"column":16},"end":{"line":18,"column":28}},"5":{"start":{"line":20,"column":19},"end":{"line":34,"column":3}},"6":{"start":{"line":21,"column":4},"end":{"line":21,"column":23}},"7":{"start":{"line":22,"column":4},"end":{"line":33,"column":5}},"8":{"start":{"line":23,"column":20},"end":{"line":23,"column":78}},"9":{"start":{"line":24,"column":21},"end":{"line":24,"column":65}},"10":{"start":{"line":25,"column":6},"end":{"line":27,"column":45}},"11":{"start":{"line":29,"column":6},"end":{"line":29,"column":25}},"12":{"start":{"line":30,"column":6},"end":{"line":32,"column":8}},"13":{"start":{"line":36,"column":27},"end":{"line":38,"column":3}},"14":{"start":{"line":36,"column":37},"end":{"line":38,"column":3}},"15":{"start":{"line":37,"column":4},"end":{"line":37,"column":65}},"16":{"start":{"line":40,"column":25},"end":{"line":43,"column":3}},"17":{"start":{"line":45,"column":28},"end":{"line":49,"column":3}},"18":{"start":{"line":45,"column":39},"end":{"line":49,"column":3}},"19":{"start":{"line":46,"column":4},"end":{"line":48,"column":5}},"20":{"start":{"line":47,"column":6},"end":{"line":47,"column":54}},"21":{"start":{"line":51,"column":2},"end":{"line":117,"column":4}},"22":{"start":{"line":61,"column":27},"end":{"line":61,"column":73}},"23":{"start":{"line":78,"column":27},"end":{"line":78,"column":76}},"24":{"start":{"line":110,"column":27},"end":{"line":110,"column":47}}},"fnMap":{"0":{"name":"(anonymous_0)","decl":{"start":{"line":10,"column":18},"end":{"line":10,"column":19}},"loc":{"start":{"line":10,"column":38},"end":{"line":118,"column":1}},"line":10},"1":{"name":"(anonymous_1)","decl":{"start":{"line":20,"column":19},"end":{"line":20,"column":20}},"loc":{"start":{"line":20,"column":32},"end":{"line":34,"column":3}},"line":20},"2":{"name":"(anonymous_2)","decl":{"start":{"line":36,"column":27},"end":{"line":36,"column":28}},"loc":{"start":{"line":36,"column":37},"end":{"line":38,"column":3}},"line":36},"3":{"name":"(anonymous_3)","decl":{"start":{"line":36,"column":37},"end":{"line":36,"column":38}},"loc":{"start":{"line":36,"column":48},"end":{"line":38,"column":3}},"line":36},"4":{"name":"(anonymous_4)","decl":{"start":{"line":45,"column":28},"end":{"line":45,"column":29}},"loc":{"start":{"line":45,"column":39},"end":{"line":49,"column":3}},"line":45},"5":{"name":"(anonymous_5)","decl":{"start":{"line":45,"column":39},"end":{"line":45,"column":40}},"loc":{"start":{"line":45,"column":46},"end":{"line":49,"column":3}},"line":45},"6":{"name":"(anonymous_6)","decl":{"start":{"line":61,"column":21},"end":{"line":61,"column":22}},"loc":{"start":{"line":61,"column":27},"end":{"line":61,"column":73}},"line":61},"7":{"name":"(anonymous_7)","decl":{"start":{"line":78,"column":21},"end":{"line":78,"column":22}},"loc":{"start":{"line":78,"column":27},"end":{"line":78,"column":76}},"line":78},"8":{"name":"(anonymous_8)","decl":{"start":{"line":110,"column":21},"end":{"line":110,"column":22}},"loc":{"start":{"line":110,"column":27},"end":{"line":110,"column":47}},"line":110}},"branchMap":{"0":{"loc":{"start":{"line":25,"column":6},"end":{"line":27,"column":44}},"type":"cond-expr","locations":[{"start":{"line":26,"column":10},"end":{"line":26,"column":34}},{"start":{"line":27,"column":10},"end":{"line":27,"column":44}}],"line":25},"1":{"loc":{"start":{"line":46,"column":4},"end":{"line":48,"column":5}},"type":"if","locations":[{"start":{"line":46,"column":4},"end":{"line":48,"column":5}},{"start":{"line":46,"column":4},"end":{"line":48,"column":5}}],"line":46},"2":{"loc":{"start":{"line":67,"column":14},"end":{"line":67,"column":76}},"type":"cond-expr","locations":[{"start":{"line":67,"column":33},"end":{"line":67,"column":69}},{"start":{"line":67,"column":72},"end":{"line":67,"column":76}}],"line":67},"3":{"loc":{"start":{"line":82,"column":14},"end":{"line":84,"column":22}},"type":"cond-expr","locations":[{"start":{"line":83,"column":18},"end":{"line":83,"column":58}},{"start":{"line":84,"column":18},"end":{"line":84,"column":22}}],"line":82},"4":{"loc":{"start":{"line":97,"column":14},"end":{"line":98,"column":52}},"type":"binary-expr","locations":[{"start":{"line":97,"column":14},"end":{"line":97,"column":54}},{"start":{"line":98,"column":14},"end":{"line":98,"column":52}}],"line":97}},"s":{"0":1,"1":3,"2":3,"3":3,"4":3,"5":3,"6":0,"7":0,"8":0,"9":0,"10":0,"11":0,"12":0,"13":3,"14":6,"15":0,"16":3,"17":3,"18":6,"19":1,"20":1,"21":3,"22":0,"23":1,"24":0},"f":{"0":3,"1":0,"2":6,"3":0,"4":6,"5":1,"6":0,"7":1,"8":0},"b":{"0":[0,0],"1":[1,0],"2":[0,3],"3":[1,2],"4":[3,2]},"_coverageSchema":"1a1c01bbd47fc00a2c39e90264f33305004495a9","hash":"d337ffcc571ea5cd51af53b61b3ab9f9c9394a9d"}
,"C:\\Users\\Tony\\Documents\\RealFans\\realfans\\client\\src\\Components\\LandingPage\\PasswordField.js": {"path":"C:\\Users\\Tony\\Documents\\RealFans\\realfans\\client\\src\\Components\\LandingPage\\PasswordField.js","statementMap":{"0":{"start":{"line":11,"column":22},"end":{"line":51,"column":1}},"1":{"start":{"line":12,"column":42},"end":{"line":12,"column":57}},"2":{"start":{"line":14,"column":34},"end":{"line":16,"column":3}},"3":{"start":{"line":15,"column":4},"end":{"line":15,"column":35}},"4":{"start":{"line":18,"column":34},"end":{"line":20,"column":3}},"5":{"start":{"line":19,"column":4},"end":{"line":19,"column":27}},"6":{"start":{"line":22,"column":2},"end":{"line":50,"column":4}}},"fnMap":{"0":{"name":"(anonymous_0)","decl":{"start":{"line":11,"column":22},"end":{"line":11,"column":23}},"loc":{"start":{"line":11,"column":52},"end":{"line":51,"column":1}},"line":11},"1":{"name":"(anonymous_1)","decl":{"start":{"line":14,"column":34},"end":{"line":14,"column":35}},"loc":{"start":{"line":14,"column":40},"end":{"line":16,"column":3}},"line":14},"2":{"name":"(anonymous_2)","decl":{"start":{"line":18,"column":34},"end":{"line":18,"column":35}},"loc":{"start":{"line":18,"column":45},"end":{"line":20,"column":3}},"line":18}},"branchMap":{"0":{"loc":{"start":{"line":29,"column":16},"end":{"line":29,"column":50}},"type":"cond-expr","locations":[{"start":{"line":29,"column":31},"end":{"line":29,"column":37}},{"start":{"line":29,"column":40},"end":{"line":29,"column":50}}],"line":29},"1":{"loc":{"start":{"line":39,"column":17},"end":{"line":39,"column":66}},"type":"cond-expr","locations":[{"start":{"line":39,"column":32},"end":{"line":39,"column":46}},{"start":{"line":39,"column":49},"end":{"line":39,"column":66}}],"line":39}},"s":{"0":1,"1":3,"2":3,"3":0,"4":3,"5":0,"6":3},"f":{"0":3,"1":0,"2":0},"b":{"0":[0,3],"1":[0,3]},"_coverageSchema":"1a1c01bbd47fc00a2c39e90264f33305004495a9","hash":"d6f32e6b5570a17592921c36c6d64f552415e0da"}
,"C:\\Users\\Tony\\Documents\\RealFans\\realfans\\client\\src\\Components\\LandingPage\\SignUpForm.js": {"path":"C:\\Users\\Tony\\Documents\\RealFans\\realfans\\client\\src\\Components\\LandingPage\\SignUpForm.js","statementMap":{"0":{"start":{"line":10,"column":19},"end":{"line":141,"column":1}},"1":{"start":{"line":11,"column":38},"end":{"line":15,"column":4}},"2":{"start":{"line":16,"column":38},"end":{"line":20,"column":4}},"3":{"start":{"line":21,"column":44},"end":{"line":21,"column":59}},"4":{"start":{"line":23,"column":16},"end":{"line":23,"column":28}},"5":{"start":{"line":24,"column":19},"end":{"line":40,"column":3}},"6":{"start":{"line":25,"column":4},"end":{"line":25,"column":23}},"7":{"start":{"line":26,"column":4},"end":{"line":39,"column":5}},"8":{"start":{"line":27,"column":20},"end":{"line":31,"column":7}},"9":{"start":{"line":32,"column":23},"end":{"line":32,"column":70}},"10":{"start":{"line":33,"column":6},"end":{"line":33,"column":33}},"11":{"start":{"line":34,"column":6},"end":{"line":36,"column":50}},"12":{"start":{"line":38,"column":6},"end":{"line":38,"column":25}},"13":{"start":{"line":42,"column":27},"end":{"line":44,"column":3}},"14":{"start":{"line":42,"column":37},"end":{"line":44,"column":3}},"15":{"start":{"line":43,"column":4},"end":{"line":43,"column":65}},"16":{"start":{"line":46,"column":25},"end":{"line":50,"column":3}},"17":{"start":{"line":52,"column":28},"end":{"line":56,"column":3}},"18":{"start":{"line":52,"column":39},"end":{"line":56,"column":3}},"19":{"start":{"line":53,"column":4},"end":{"line":55,"column":5}},"20":{"start":{"line":54,"column":6},"end":{"line":54,"column":54}},"21":{"start":{"line":58,"column":2},"end":{"line":140,"column":4}},"22":{"start":{"line":68,"column":27},"end":{"line":68,"column":73}},"23":{"start":{"line":85,"column":27},"end":{"line":85,"column":76}},"24":{"start":{"line":102,"column":27},"end":{"line":102,"column":72}},"25":{"start":{"line":134,"column":56},"end":{"line":134,"column":75}}},"fnMap":{"0":{"name":"(anonymous_0)","decl":{"start":{"line":10,"column":19},"end":{"line":10,"column":20}},"loc":{"start":{"line":10,"column":39},"end":{"line":141,"column":1}},"line":10},"1":{"name":"(anonymous_1)","decl":{"start":{"line":24,"column":19},"end":{"line":24,"column":20}},"loc":{"start":{"line":24,"column":32},"end":{"line":40,"column":3}},"line":24},"2":{"name":"(anonymous_2)","decl":{"start":{"line":42,"column":27},"end":{"line":42,"column":28}},"loc":{"start":{"line":42,"column":37},"end":{"line":44,"column":3}},"line":42},"3":{"name":"(anonymous_3)","decl":{"start":{"line":42,"column":37},"end":{"line":42,"column":38}},"loc":{"start":{"line":42,"column":48},"end":{"line":44,"column":3}},"line":42},"4":{"name":"(anonymous_4)","decl":{"start":{"line":52,"column":28},"end":{"line":52,"column":29}},"loc":{"start":{"line":52,"column":39},"end":{"line":56,"column":3}},"line":52},"5":{"name":"(anonymous_5)","decl":{"start":{"line":52,"column":39},"end":{"line":52,"column":40}},"loc":{"start":{"line":52,"column":46},"end":{"line":56,"column":3}},"line":52},"6":{"name":"(anonymous_6)","decl":{"start":{"line":68,"column":21},"end":{"line":68,"column":22}},"loc":{"start":{"line":68,"column":27},"end":{"line":68,"column":73}},"line":68},"7":{"name":"(anonymous_7)","decl":{"start":{"line":85,"column":21},"end":{"line":85,"column":22}},"loc":{"start":{"line":85,"column":27},"end":{"line":85,"column":76}},"line":85},"8":{"name":"(anonymous_8)","decl":{"start":{"line":102,"column":21},"end":{"line":102,"column":22}},"loc":{"start":{"line":102,"column":27},"end":{"line":102,"column":72}},"line":102},"9":{"name":"(anonymous_9)","decl":{"start":{"line":134,"column":50},"end":{"line":134,"column":51}},"loc":{"start":{"line":134,"column":56},"end":{"line":134,"column":75}},"line":134}},"branchMap":{"0":{"loc":{"start":{"line":34,"column":6},"end":{"line":36,"column":49}},"type":"cond-expr","locations":[{"start":{"line":35,"column":10},"end":{"line":35,"column":34}},{"start":{"line":36,"column":10},"end":{"line":36,"column":49}}],"line":34},"1":{"loc":{"start":{"line":53,"column":4},"end":{"line":55,"column":5}},"type":"if","locations":[{"start":{"line":53,"column":4},"end":{"line":55,"column":5}},{"start":{"line":53,"column":4},"end":{"line":55,"column":5}}],"line":53},"2":{"loc":{"start":{"line":74,"column":14},"end":{"line":74,"column":76}},"type":"cond-expr","locations":[{"start":{"line":74,"column":33},"end":{"line":74,"column":69}},{"start":{"line":74,"column":72},"end":{"line":74,"column":76}}],"line":74},"3":{"loc":{"start":{"line":89,"column":14},"end":{"line":91,"column":22}},"type":"cond-expr","locations":[{"start":{"line":90,"column":18},"end":{"line":90,"column":58}},{"start":{"line":91,"column":18},"end":{"line":91,"column":22}}],"line":89},"4":{"loc":{"start":{"line":107,"column":24},"end":{"line":107,"column":70}},"type":"cond-expr","locations":[{"start":{"line":107,"column":42},"end":{"line":107,"column":63}},{"start":{"line":107,"column":66},"end":{"line":107,"column":70}}],"line":107},"5":{"loc":{"start":{"line":120,"column":14},"end":{"line":121,"column":52}},"type":"binary-expr","locations":[{"start":{"line":120,"column":14},"end":{"line":120,"column":54}},{"start":{"line":121,"column":14},"end":{"line":121,"column":52}}],"line":120}},"s":{"0":0,"1":0,"2":0,"3":0,"4":0,"5":0,"6":0,"7":0,"8":0,"9":0,"10":0,"11":0,"12":0,"13":0,"14":0,"15":0,"16":0,"17":0,"18":0,"19":0,"20":0,"21":0,"22":0,"23":0,"24":0,"25":0},"f":{"0":0,"1":0,"2":0,"3":0,"4":0,"5":0,"6":0,"7":0,"8":0,"9":0},"b":{"0":[0,0],"1":[0,0],"2":[0,0],"3":[0,0],"4":[0,0],"5":[0,0]}}
,"C:\\Users\\Tony\\Documents\\RealFans\\realfans\\client\\src\\Components\\Lists\\Lists.js": {"path":"C:\\Users\\Tony\\Documents\\RealFans\\realfans\\client\\src\\Components\\Lists\\Lists.js","statementMap":{"0":{"start":{"line":1,"column":14},"end":{"line":7,"column":1}},"1":{"start":{"line":2,"column":2},"end":{"line":6,"column":4}}},"fnMap":{"0":{"name":"(anonymous_0)","decl":{"start":{"line":1,"column":14},"end":{"line":1,"column":15}},"loc":{"start":{"line":1,"column":20},"end":{"line":7,"column":1}},"line":1}},"branchMap":{},"s":{"0":0,"1":0},"f":{"0":0},"b":{}}
,"C:\\Users\\Tony\\Documents\\RealFans\\realfans\\client\\src\\Components\\Messages\\Messages.js": {"path":"C:\\Users\\Tony\\Documents\\RealFans\\realfans\\client\\src\\Components\\Messages\\Messages.js","statementMap":{"0":{"start":{"line":1,"column":17},"end":{"line":7,"column":1}},"1":{"start":{"line":2,"column":2},"end":{"line":6,"column":4}}},"fnMap":{"0":{"name":"(anonymous_0)","decl":{"start":{"line":1,"column":17},"end":{"line":1,"column":18}},"loc":{"start":{"line":1,"column":23},"end":{"line":7,"column":1}},"line":1}},"branchMap":{},"s":{"0":0,"1":0},"f":{"0":0},"b":{}}
,"C:\\Users\\Tony\\Documents\\RealFans\\realfans\\client\\src\\Components\\Notifications\\Notifications.js": {"path":"C:\\Users\\Tony\\Documents\\RealFans\\realfans\\client\\src\\Components\\Notifications\\Notifications.js","statementMap":{"0":{"start":{"line":1,"column":22},"end":{"line":7,"column":1}},"1":{"start":{"line":2,"column":2},"end":{"line":6,"column":4}}},"fnMap":{"0":{"name":"(anonymous_0)","decl":{"start":{"line":1,"column":22},"end":{"line":1,"column":23}},"loc":{"start":{"line":1,"column":28},"end":{"line":7,"column":1}},"line":1}},"branchMap":{},"s":{"0":0,"1":0},"f":{"0":0},"b":{}}
,"C:\\Users\\Tony\\Documents\\RealFans\\realfans\\client\\src\\Components\\Payments\\StripeInput.js": {"path":"C:\\Users\\Tony\\Documents\\RealFans\\realfans\\client\\src\\Components\\Payments\\StripeInput.js","statementMap":{"0":{"start":{"line":3,"column":20},"end":{"line":14,"column":1}},"1":{"start":{"line":4,"column":21},"end":{"line":4,"column":29}},"2":{"start":{"line":5,"column":2},"end":{"line":7,"column":6}},"3":{"start":{"line":5,"column":39},"end":{"line":7,"column":3}},"4":{"start":{"line":6,"column":17},"end":{"line":6,"column":41}},"5":{"start":{"line":8,"column":2},"end":{"line":13,"column":4}},"6":{"start":{"line":10,"column":29},"end":{"line":10,"column":57}}},"fnMap":{"0":{"name":"(anonymous_0)","decl":{"start":{"line":3,"column":20},"end":{"line":3,"column":21}},"loc":{"start":{"line":3,"column":70},"end":{"line":14,"column":1}},"line":3},"1":{"name":"(anonymous_1)","decl":{"start":{"line":5,"column":32},"end":{"line":5,"column":33}},"loc":{"start":{"line":5,"column":39},"end":{"line":7,"column":3}},"line":5},"2":{"name":"(anonymous_2)","decl":{"start":{"line":6,"column":11},"end":{"line":6,"column":12}},"loc":{"start":{"line":6,"column":17},"end":{"line":6,"column":41}},"line":6},"3":{"name":"(anonymous_3)","decl":{"start":{"line":10,"column":15},"end":{"line":10,"column":16}},"loc":{"start":{"line":10,"column":29},"end":{"line":10,"column":57}},"line":10}},"branchMap":{},"s":{"0":0,"1":0,"2":0,"3":0,"4":0,"5":0,"6":0},"f":{"0":0,"1":0,"2":0,"3":0},"b":{}}
,"C:\\Users\\Tony\\Documents\\RealFans\\realfans\\client\\src\\Components\\Payments\\AddCard\\AddCard.js": {"path":"C:\\Users\\Tony\\Documents\\RealFans\\realfans\\client\\src\\Components\\Payments\\AddCard\\AddCard.js","statementMap":{"0":{"start":{"line":10,"column":22},"end":{"line":12,"column":1}},"1":{"start":{"line":16,"column":16},"end":{"line":31,"column":1}},"2":{"start":{"line":17,"column":2},"end":{"line":30,"column":4}}},"fnMap":{"0":{"name":"(anonymous_0)","decl":{"start":{"line":16,"column":16},"end":{"line":16,"column":17}},"loc":{"start":{"line":16,"column":22},"end":{"line":31,"column":1}},"line":16}},"branchMap":{},"s":{"0":0,"1":0,"2":0},"f":{"0":0},"b":{}}
,"C:\\Users\\Tony\\Documents\\RealFans\\realfans\\client\\src\\Components\\Payments\\AddCard\\AddCardForm.js": {"path":"C:\\Users\\Tony\\Documents\\RealFans\\realfans\\client\\src\\Components\\Payments\\AddCard\\AddCardForm.js","statementMap":{"0":{"start":{"line":14,"column":20},"end":{"line":313,"column":1}},"1":{"start":{"line":15,"column":42},"end":{"line":15,"column":54}},"2":{"start":{"line":16,"column":38},"end":{"line":27,"column":4}},"3":{"start":{"line":28,"column":38},"end":{"line":39,"column":4}},"4":{"start":{"line":40,"column":48},"end":{"line":40,"column":63}},"5":{"start":{"line":41,"column":17},"end":{"line":41,"column":28}},"6":{"start":{"line":42,"column":19},"end":{"line":42,"column":32}},"7":{"start":{"line":45,"column":2},"end":{"line":57,"column":9}},"8":{"start":{"line":46,"column":22},"end":{"line":55,"column":5}},"9":{"start":{"line":47,"column":6},"end":{"line":54,"column":7}},"10":{"start":{"line":48,"column":20},"end":{"line":48,"column":59}},"11":{"start":{"line":49,"column":8},"end":{"line":49,"column":48}},"12":{"start":{"line":50,"column":8},"end":{"line":50,"column":64}},"13":{"start":{"line":52,"column":8},"end":{"line":52,"column":33}},"14":{"start":{"line":53,"column":8},"end":{"line":53,"column":27}},"15":{"start":{"line":56,"column":4},"end":{"line":56,"column":16}},"16":{"start":{"line":60,"column":27},"end":{"line":62,"column":3}},"17":{"start":{"line":60,"column":37},"end":{"line":62,"column":3}},"18":{"start":{"line":61,"column":4},"end":{"line":61,"column":65}},"19":{"start":{"line":64,"column":25},"end":{"line":73,"column":3}},"20":{"start":{"line":75,"column":28},"end":{"line":79,"column":3}},"21":{"start":{"line":75,"column":39},"end":{"line":79,"column":3}},"22":{"start":{"line":76,"column":4},"end":{"line":78,"column":5}},"23":{"start":{"line":77,"column":6},"end":{"line":77,"column":54}},"24":{"start":{"line":83,"column":23},"end":{"line":109,"column":3}},"25":{"start":{"line":84,"column":4},"end":{"line":84,"column":27}},"26":{"start":{"line":87,"column":4},"end":{"line":89,"column":5}},"27":{"start":{"line":88,"column":6},"end":{"line":88,"column":13}},"28":{"start":{"line":91,"column":19},"end":{"line":102,"column":6}},"29":{"start":{"line":104,"column":4},"end":{"line":108,"column":5}},"30":{"start":{"line":105,"column":6},"end":{"line":105,"column":32}},"31":{"start":{"line":107,"column":6},"end":{"line":107,"column":26}},"32":{"start":{"line":111,"column":30},"end":{"line":115,"column":3}},"33":{"start":{"line":111,"column":43},"end":{"line":115,"column":3}},"34":{"start":{"line":112,"column":4},"end":{"line":114,"column":5}},"35":{"start":{"line":113,"column":6},"end":{"line":113,"column":56}},"36":{"start":{"line":117,"column":2},"end":{"line":312,"column":4}},"37":{"start":{"line":130,"column":14},"end":{"line":130,"column":63}},"38":{"start":{"line":150,"column":14},"end":{"line":150,"column":61}},"39":{"start":{"line":169,"column":14},"end":{"line":169,"column":62}},"40":{"start":{"line":185,"column":14},"end":{"line":185,"column":60}},"41":{"start":{"line":203,"column":14},"end":{"line":203,"column":64}},"42":{"start":{"line":222,"column":14},"end":{"line":222,"column":61}},"43":{"start":{"line":239,"column":14},"end":{"line":239,"column":60}}},"fnMap":{"0":{"name":"(anonymous_0)","decl":{"start":{"line":14,"column":20},"end":{"line":14,"column":21}},"loc":{"start":{"line":14,"column":26},"end":{"line":313,"column":1}},"line":14},"1":{"name":"(anonymous_1)","decl":{"start":{"line":45,"column":12},"end":{"line":45,"column":13}},"loc":{"start":{"line":45,"column":18},"end":{"line":57,"column":3}},"line":45},"2":{"name":"(anonymous_2)","decl":{"start":{"line":46,"column":22},"end":{"line":46,"column":23}},"loc":{"start":{"line":46,"column":34},"end":{"line":55,"column":5}},"line":46},"3":{"name":"(anonymous_3)","decl":{"start":{"line":60,"column":27},"end":{"line":60,"column":28}},"loc":{"start":{"line":60,"column":37},"end":{"line":62,"column":3}},"line":60},"4":{"name":"(anonymous_4)","decl":{"start":{"line":60,"column":37},"end":{"line":60,"column":38}},"loc":{"start":{"line":60,"column":48},"end":{"line":62,"column":3}},"line":60},"5":{"name":"(anonymous_5)","decl":{"start":{"line":75,"column":28},"end":{"line":75,"column":29}},"loc":{"start":{"line":75,"column":39},"end":{"line":79,"column":3}},"line":75},"6":{"name":"(anonymous_6)","decl":{"start":{"line":75,"column":39},"end":{"line":75,"column":40}},"loc":{"start":{"line":75,"column":46},"end":{"line":79,"column":3}},"line":75},"7":{"name":"(anonymous_7)","decl":{"start":{"line":83,"column":23},"end":{"line":83,"column":24}},"loc":{"start":{"line":83,"column":40},"end":{"line":109,"column":3}},"line":83},"8":{"name":"(anonymous_8)","decl":{"start":{"line":111,"column":30},"end":{"line":111,"column":31}},"loc":{"start":{"line":111,"column":43},"end":{"line":115,"column":3}},"line":111},"9":{"name":"(anonymous_9)","decl":{"start":{"line":111,"column":43},"end":{"line":111,"column":44}},"loc":{"start":{"line":111,"column":54},"end":{"line":115,"column":3}},"line":111},"10":{"name":"(anonymous_10)","decl":{"start":{"line":129,"column":21},"end":{"line":129,"column":22}},"loc":{"start":{"line":129,"column":27},"end":{"line":131,"column":13}},"line":129},"11":{"name":"(anonymous_11)","decl":{"start":{"line":149,"column":21},"end":{"line":149,"column":22}},"loc":{"start":{"line":149,"column":27},"end":{"line":151,"column":13}},"line":149},"12":{"name":"(anonymous_12)","decl":{"start":{"line":168,"column":21},"end":{"line":168,"column":22}},"loc":{"start":{"line":168,"column":27},"end":{"line":170,"column":13}},"line":168},"13":{"name":"(anonymous_13)","decl":{"start":{"line":184,"column":21},"end":{"line":184,"column":22}},"loc":{"start":{"line":184,"column":27},"end":{"line":186,"column":13}},"line":184},"14":{"name":"(anonymous_14)","decl":{"start":{"line":202,"column":21},"end":{"line":202,"column":22}},"loc":{"start":{"line":202,"column":27},"end":{"line":204,"column":13}},"line":202},"15":{"name":"(anonymous_15)","decl":{"start":{"line":221,"column":21},"end":{"line":221,"column":22}},"loc":{"start":{"line":221,"column":27},"end":{"line":223,"column":13}},"line":221},"16":{"name":"(anonymous_16)","decl":{"start":{"line":238,"column":21},"end":{"line":238,"column":22}},"loc":{"start":{"line":238,"column":27},"end":{"line":240,"column":13}},"line":238}},"branchMap":{"0":{"loc":{"start":{"line":76,"column":4},"end":{"line":78,"column":5}},"type":"if","locations":[{"start":{"line":76,"column":4},"end":{"line":78,"column":5}},{"start":{"line":76,"column":4},"end":{"line":78,"column":5}}],"line":76},"1":{"loc":{"start":{"line":87,"column":4},"end":{"line":89,"column":5}},"type":"if","locations":[{"start":{"line":87,"column":4},"end":{"line":89,"column":5}},{"start":{"line":87,"column":4},"end":{"line":89,"column":5}}],"line":87},"2":{"loc":{"start":{"line":87,"column":8},"end":{"line":87,"column":28}},"type":"binary-expr","locations":[{"start":{"line":87,"column":8},"end":{"line":87,"column":15}},{"start":{"line":87,"column":19},"end":{"line":87,"column":28}}],"line":87},"3":{"loc":{"start":{"line":104,"column":4},"end":{"line":108,"column":5}},"type":"if","locations":[{"start":{"line":104,"column":4},"end":{"line":108,"column":5}},{"start":{"line":104,"column":4},"end":{"line":108,"column":5}}],"line":104},"4":{"loc":{"start":{"line":112,"column":4},"end":{"line":114,"column":5}},"type":"if","locations":[{"start":{"line":112,"column":4},"end":{"line":114,"column":5}},{"start":{"line":112,"column":4},"end":{"line":114,"column":5}}],"line":112},"5":{"loc":{"start":{"line":305,"column":22},"end":{"line":305,"column":46}},"type":"binary-expr","locations":[{"start":{"line":305,"column":22},"end":{"line":305,"column":29}},{"start":{"line":305,"column":33},"end":{"line":305,"column":46}}],"line":305}},"s":{"0":0,"1":0,"2":0,"3":0,"4":0,"5":0,"6":0,"7":0,"8":0,"9":0,"10":0,"11":0,"12":0,"13":0,"14":0,"15":0,"16":0,"17":0,"18":0,"19":0,"20":0,"21":0,"22":0,"23":0,"24":0,"25":0,"26":0,"27":0,"28":0,"29":0,"30":0,"31":0,"32":0,"33":0,"34":0,"35":0,"36":0,"37":0,"38":0,"39":0,"40":0,"41":0,"42":0,"43":0},"f":{"0":0,"1":0,"2":0,"3":0,"4":0,"5":0,"6":0,"7":0,"8":0,"9":0,"10":0,"11":0,"12":0,"13":0,"14":0,"15":0,"16":0},"b":{"0":[0,0],"1":[0,0],"2":[0,0],"3":[0,0],"4":[0,0],"5":[0,0]}}
,"C:\\Users\\Tony\\Documents\\RealFans\\realfans\\client\\src\\Components\\Payments\\Cards\\Card.js": {"path":"C:\\Users\\Tony\\Documents\\RealFans\\realfans\\client\\src\\Components\\Payments\\Cards\\Card.js","statementMap":{"0":{"start":{"line":6,"column":13},"end":{"line":36,"column":1}},"1":{"start":{"line":7,"column":21},"end":{"line":17,"column":3}},"2":{"start":{"line":8,"column":4},"end":{"line":16,"column":5}},"3":{"start":{"line":9,"column":20},"end":{"line":9,"column":26}},"4":{"start":{"line":10,"column":23},"end":{"line":10,"column":75}},"5":{"start":{"line":15,"column":6},"end":{"line":15,"column":25}},"6":{"start":{"line":19,"column":2},"end":{"line":35,"column":4}}},"fnMap":{"0":{"name":"(anonymous_0)","decl":{"start":{"line":6,"column":13},"end":{"line":6,"column":14}},"loc":{"start":{"line":6,"column":69},"end":{"line":36,"column":1}},"line":6},"1":{"name":"(anonymous_1)","decl":{"start":{"line":7,"column":21},"end":{"line":7,"column":22}},"loc":{"start":{"line":7,"column":33},"end":{"line":17,"column":3}},"line":7}},"branchMap":{},"s":{"0":0,"1":0,"2":0,"3":0,"4":0,"5":0,"6":0},"f":{"0":0,"1":0},"b":{}}
,"C:\\Users\\Tony\\Documents\\RealFans\\realfans\\client\\src\\Components\\Payments\\Cards\\DisplayCards.js": {"path":"C:\\Users\\Tony\\Documents\\RealFans\\realfans\\client\\src\\Components\\Payments\\Cards\\DisplayCards.js","statementMap":{"0":{"start":{"line":9,"column":21},"end":{"line":60,"column":1}},"1":{"start":{"line":10,"column":28},"end":{"line":10,"column":40}},"2":{"start":{"line":11,"column":28},"end":{"line":11,"column":40}},"3":{"start":{"line":14,"column":2},"end":{"line":24,"column":9}},"4":{"start":{"line":15,"column":23},"end":{"line":22,"column":5}},"5":{"start":{"line":16,"column":6},"end":{"line":21,"column":7}},"6":{"start":{"line":17,"column":20},"end":{"line":17,"column":61}},"7":{"start":{"line":18,"column":8},"end":{"line":18,"column":27}},"8":{"start":{"line":20,"column":8},"end":{"line":20,"column":24}},"9":{"start":{"line":23,"column":4},"end":{"line":23,"column":17}},"10":{"start":{"line":26,"column":2},"end":{"line":59,"column":4}},"11":{"start":{"line":31,"column":10},"end":{"line":41,"column":12}}},"fnMap":{"0":{"name":"(anonymous_0)","decl":{"start":{"line":9,"column":21},"end":{"line":9,"column":22}},"loc":{"start":{"line":9,"column":27},"end":{"line":60,"column":1}},"line":9},"1":{"name":"(anonymous_1)","decl":{"start":{"line":14,"column":12},"end":{"line":14,"column":13}},"loc":{"start":{"line":14,"column":18},"end":{"line":24,"column":3}},"line":14},"2":{"name":"(anonymous_2)","decl":{"start":{"line":15,"column":23},"end":{"line":15,"column":24}},"loc":{"start":{"line":15,"column":35},"end":{"line":22,"column":5}},"line":15},"3":{"name":"(anonymous_3)","decl":{"start":{"line":30,"column":18},"end":{"line":30,"column":19}},"loc":{"start":{"line":31,"column":10},"end":{"line":41,"column":12}},"line":31}},"branchMap":{"0":{"loc":{"start":{"line":29,"column":7},"end":{"line":48,"column":7}},"type":"cond-expr","locations":[{"start":{"line":30,"column":8},"end":{"line":42,"column":10}},{"start":{"line":44,"column":8},"end":{"line":47,"column":12}}],"line":29}},"s":{"0":0,"1":0,"2":0,"3":0,"4":0,"5":0,"6":0,"7":0,"8":0,"9":0,"10":0,"11":0},"f":{"0":0,"1":0,"2":0,"3":0},"b":{"0":[0,0]}}
,"C:\\Users\\Tony\\Documents\\RealFans\\realfans\\client\\src\\Components\\Posts\\NewPost.js": {"path":"C:\\Users\\Tony\\Documents\\RealFans\\realfans\\client\\src\\Components\\Posts\\NewPost.js","statementMap":{"0":{"start":{"line":10,"column":16},"end":{"line":169,"column":1}},"1":{"start":{"line":12,"column":28},"end":{"line":12,"column":40}},"2":{"start":{"line":13,"column":38},"end":{"line":17,"column":4}},"3":{"start":{"line":20,"column":27},"end":{"line":28,"column":3}},"4":{"start":{"line":21,"column":4},"end":{"line":27,"column":7}},"5":{"start":{"line":22,"column":6},"end":{"line":26,"column":7}},"6":{"start":{"line":23,"column":8},"end":{"line":25,"column":11}},"7":{"start":{"line":32,"column":29},"end":{"line":34,"column":3}},"8":{"start":{"line":33,"column":4},"end":{"line":33,"column":53}},"9":{"start":{"line":33,"column":36},"end":{"line":33,"column":50}},"10":{"start":{"line":37,"column":62},"end":{"line":49,"column":4}},"11":{"start":{"line":40,"column":24},"end":{"line":45,"column":7}},"12":{"start":{"line":41,"column":8},"end":{"line":44,"column":10}},"13":{"start":{"line":46,"column":6},"end":{"line":46,"column":41}},"14":{"start":{"line":52,"column":17},"end":{"line":59,"column":4}},"15":{"start":{"line":53,"column":4},"end":{"line":58,"column":6}},"16":{"start":{"line":63,"column":27},"end":{"line":65,"column":3}},"17":{"start":{"line":63,"column":37},"end":{"line":65,"column":3}},"18":{"start":{"line":64,"column":4},"end":{"line":64,"column":65}},"19":{"start":{"line":68,"column":21},"end":{"line":77,"column":3}},"20":{"start":{"line":69,"column":4},"end":{"line":69,"column":23}},"21":{"start":{"line":70,"column":15},"end":{"line":70,"column":46}},"22":{"start":{"line":71,"column":4},"end":{"line":76,"column":5}},"23":{"start":{"line":72,"column":16},"end":{"line":72,"column":58}},"24":{"start":{"line":73,"column":6},"end":{"line":73,"column":23}},"25":{"start":{"line":75,"column":6},"end":{"line":75,"column":25}},"26":{"start":{"line":80,"column":20},"end":{"line":87,"column":3}},"27":{"start":{"line":81,"column":4},"end":{"line":81,"column":17}},"28":{"start":{"line":82,"column":4},"end":{"line":86,"column":7}},"29":{"start":{"line":89,"column":2},"end":{"line":168,"column":4}}},"fnMap":{"0":{"name":"(anonymous_0)","decl":{"start":{"line":10,"column":16},"end":{"line":10,"column":17}},"loc":{"start":{"line":10,"column":22},"end":{"line":169,"column":1}},"line":10},"1":{"name":"(anonymous_1)","decl":{"start":{"line":20,"column":27},"end":{"line":20,"column":28}},"loc":{"start":{"line":20,"column":41},"end":{"line":28,"column":3}},"line":20},"2":{"name":"(anonymous_2)","decl":{"start":{"line":21,"column":18},"end":{"line":21,"column":19}},"loc":{"start":{"line":21,"column":28},"end":{"line":27,"column":5}},"line":21},"3":{"name":"(anonymous_3)","decl":{"start":{"line":32,"column":29},"end":{"line":32,"column":30}},"loc":{"start":{"line":32,"column":37},"end":{"line":34,"column":3}},"line":32},"4":{"name":"(anonymous_4)","decl":{"start":{"line":33,"column":26},"end":{"line":33,"column":27}},"loc":{"start":{"line":33,"column":36},"end":{"line":33,"column":50}},"line":33},"5":{"name":"(anonymous_5)","decl":{"start":{"line":39,"column":12},"end":{"line":39,"column":13}},"loc":{"start":{"line":39,"column":46},"end":{"line":47,"column":5}},"line":39},"6":{"name":"(anonymous_6)","decl":{"start":{"line":40,"column":42},"end":{"line":40,"column":43}},"loc":{"start":{"line":41,"column":8},"end":{"line":44,"column":10}},"line":41},"7":{"name":"(anonymous_7)","decl":{"start":{"line":52,"column":27},"end":{"line":52,"column":28}},"loc":{"start":{"line":53,"column":4},"end":{"line":58,"column":6}},"line":53},"8":{"name":"(anonymous_8)","decl":{"start":{"line":63,"column":27},"end":{"line":63,"column":28}},"loc":{"start":{"line":63,"column":37},"end":{"line":65,"column":3}},"line":63},"9":{"name":"(anonymous_9)","decl":{"start":{"line":63,"column":37},"end":{"line":63,"column":38}},"loc":{"start":{"line":63,"column":48},"end":{"line":65,"column":3}},"line":63},"10":{"name":"(anonymous_10)","decl":{"start":{"line":68,"column":21},"end":{"line":68,"column":22}},"loc":{"start":{"line":68,"column":34},"end":{"line":77,"column":3}},"line":68},"11":{"name":"(anonymous_11)","decl":{"start":{"line":80,"column":20},"end":{"line":80,"column":21}},"loc":{"start":{"line":80,"column":26},"end":{"line":87,"column":3}},"line":80}},"branchMap":{"0":{"loc":{"start":{"line":22,"column":6},"end":{"line":26,"column":7}},"type":"if","locations":[{"start":{"line":22,"column":6},"end":{"line":26,"column":7}},{"start":{"line":22,"column":6},"end":{"line":26,"column":7}}],"line":22},"1":{"loc":{"start":{"line":95,"column":9},"end":{"line":99,"column":9}},"type":"binary-expr","locations":[{"start":{"line":95,"column":9},"end":{"line":95,"column":21}},{"start":{"line":96,"column":10},"end":{"line":98,"column":16}}],"line":95},"2":{"loc":{"start":{"line":106,"column":12},"end":{"line":106,"column":79}},"type":"cond-expr","locations":[{"start":{"line":106,"column":31},"end":{"line":106,"column":56}},{"start":{"line":106,"column":59},"end":{"line":106,"column":79}}],"line":106},"3":{"loc":{"start":{"line":117,"column":10},"end":{"line":119,"column":37}},"type":"binary-expr","locations":[{"start":{"line":117,"column":10},"end":{"line":117,"column":26}},{"start":{"line":118,"column":10},"end":{"line":118,"column":37}},{"start":{"line":119,"column":10},"end":{"line":119,"column":37}}],"line":117},"4":{"loc":{"start":{"line":127,"column":10},"end":{"line":129,"column":37}},"type":"binary-expr","locations":[{"start":{"line":127,"column":10},"end":{"line":127,"column":26}},{"start":{"line":128,"column":10},"end":{"line":128,"column":37}},{"start":{"line":129,"column":10},"end":{"line":129,"column":37}}],"line":127},"5":{"loc":{"start":{"line":136,"column":7},"end":{"line":148,"column":7}},"type":"binary-expr","locations":[{"start":{"line":136,"column":7},"end":{"line":136,"column":39}},{"start":{"line":137,"column":8},"end":{"line":147,"column":15}}],"line":136}},"s":{"0":0,"1":0,"2":0,"3":0,"4":0,"5":0,"6":0,"7":0,"8":0,"9":0,"10":0,"11":0,"12":0,"13":0,"14":0,"15":0,"16":0,"17":0,"18":0,"19":0,"20":0,"21":0,"22":0,"23":0,"24":0,"25":0,"26":0,"27":0,"28":0,"29":0},"f":{"0":0,"1":0,"2":0,"3":0,"4":0,"5":0,"6":0,"7":0,"8":0,"9":0,"10":0,"11":0},"b":{"0":[0,0],"1":[0,0],"2":[0,0],"3":[0,0,0],"4":[0,0,0],"5":[0,0]}}
,"C:\\Users\\Tony\\Documents\\RealFans\\realfans\\client\\src\\Components\\Posts\\PostFileUpload.js": {"path":"C:\\Users\\Tony\\Documents\\RealFans\\realfans\\client\\src\\Components\\Posts\\PostFileUpload.js","statementMap":{"0":{"start":{"line":6,"column":30},"end":{"line":45,"column":1}},"1":{"start":{"line":7,"column":34},"end":{"line":7,"column":45}},"2":{"start":{"line":8,"column":48},"end":{"line":8,"column":63}},"3":{"start":{"line":10,"column":23},"end":{"line":16,"column":3}},"4":{"start":{"line":12,"column":6},"end":{"line":12,"column":31}},"5":{"start":{"line":13,"column":6},"end":{"line":13,"column":32}},"6":{"start":{"line":18,"column":2},"end":{"line":25,"column":29}},"7":{"start":{"line":19,"column":4},"end":{"line":24,"column":6}},"8":{"start":{"line":27,"column":2},"end":{"line":44,"column":4}},"9":{"start":{"line":40,"column":25},"end":{"line":40,"column":42}}},"fnMap":{"0":{"name":"(anonymous_0)","decl":{"start":{"line":6,"column":30},"end":{"line":6,"column":31}},"loc":{"start":{"line":6,"column":66},"end":{"line":45,"column":1}},"line":6},"1":{"name":"(anonymous_1)","decl":{"start":{"line":11,"column":4},"end":{"line":11,"column":5}},"loc":{"start":{"line":11,"column":14},"end":{"line":14,"column":5}},"line":11},"2":{"name":"(anonymous_2)","decl":{"start":{"line":18,"column":12},"end":{"line":18,"column":13}},"loc":{"start":{"line":18,"column":18},"end":{"line":25,"column":3}},"line":18},"3":{"name":"(anonymous_3)","decl":{"start":{"line":40,"column":19},"end":{"line":40,"column":20}},"loc":{"start":{"line":40,"column":25},"end":{"line":40,"column":42}},"line":40}},"branchMap":{"0":{"loc":{"start":{"line":30,"column":7},"end":{"line":36,"column":7}},"type":"binary-expr","locations":[{"start":{"line":30,"column":7},"end":{"line":30,"column":23}},{"start":{"line":31,"column":8},"end":{"line":35,"column":10}}],"line":30},"1":{"loc":{"start":{"line":37,"column":7},"end":{"line":42,"column":7}},"type":"binary-expr","locations":[{"start":{"line":37,"column":7},"end":{"line":37,"column":22}},{"start":{"line":38,"column":8},"end":{"line":41,"column":10}}],"line":37}},"s":{"0":0,"1":0,"2":0,"3":0,"4":0,"5":0,"6":0,"7":0,"8":0,"9":0},"f":{"0":0,"1":0,"2":0,"3":0},"b":{"0":[0,0],"1":[0,0]}}
,"C:\\Users\\Tony\\Documents\\RealFans\\realfans\\client\\src\\Components\\Profile\\PostDisplay.js": {"path":"C:\\Users\\Tony\\Documents\\RealFans\\realfans\\client\\src\\Components\\Profile\\PostDisplay.js","statementMap":{"0":{"start":{"line":5,"column":20},"end":{"line":28,"column":1}},"1":{"start":{"line":6,"column":28},"end":{"line":6,"column":40}},"2":{"start":{"line":7,"column":30},"end":{"line":7,"column":42}},"3":{"start":{"line":9,"column":2},"end":{"line":22,"column":9}},"4":{"start":{"line":10,"column":23},"end":{"line":20,"column":5}},"5":{"start":{"line":11,"column":6},"end":{"line":19,"column":7}},"6":{"start":{"line":12,"column":24},"end":{"line":12,"column":58}},"7":{"start":{"line":13,"column":25},"end":{"line":13,"column":71}},"8":{"start":{"line":14,"column":8},"end":{"line":16,"column":45}},"9":{"start":{"line":18,"column":8},"end":{"line":18,"column":27}},"10":{"start":{"line":21,"column":4},"end":{"line":21,"column":17}},"11":{"start":{"line":23,"column":2},"end":{"line":27,"column":4}}},"fnMap":{"0":{"name":"(anonymous_0)","decl":{"start":{"line":5,"column":20},"end":{"line":5,"column":21}},"loc":{"start":{"line":5,"column":26},"end":{"line":28,"column":1}},"line":5},"1":{"name":"(anonymous_1)","decl":{"start":{"line":9,"column":12},"end":{"line":9,"column":13}},"loc":{"start":{"line":9,"column":18},"end":{"line":22,"column":3}},"line":9},"2":{"name":"(anonymous_2)","decl":{"start":{"line":10,"column":23},"end":{"line":10,"column":24}},"loc":{"start":{"line":10,"column":35},"end":{"line":20,"column":5}},"line":10}},"branchMap":{"0":{"loc":{"start":{"line":14,"column":8},"end":{"line":16,"column":44}},"type":"cond-expr","locations":[{"start":{"line":15,"column":12},"end":{"line":15,"column":44}},{"start":{"line":16,"column":12},"end":{"line":16,"column":44}}],"line":14}},"s":{"0":0,"1":0,"2":0,"3":0,"4":0,"5":0,"6":0,"7":0,"8":0,"9":0,"10":0,"11":0},"f":{"0":0,"1":0,"2":0},"b":{"0":[0,0]}}
,"C:\\Users\\Tony\\Documents\\RealFans\\realfans\\client\\src\\Components\\Profile\\Profile.js": {"path":"C:\\Users\\Tony\\Documents\\RealFans\\realfans\\client\\src\\Components\\Profile\\Profile.js","statementMap":{"0":{"start":{"line":15,"column":16},"end":{"line":79,"column":1}},"1":{"start":{"line":16,"column":26},"end":{"line":16,"column":38}},"2":{"start":{"line":17,"column":34},"end":{"line":17,"column":49}},"3":{"start":{"line":18,"column":30},"end":{"line":18,"column":42}},"4":{"start":{"line":22,"column":2},"end":{"line":24,"column":9}},"5":{"start":{"line":23,"column":4},"end":{"line":23,"column":56}},"6":{"start":{"line":27,"column":22},"end":{"line":30,"column":3}},"7":{"start":{"line":29,"column":4},"end":{"line":29,"column":27}},"8":{"start":{"line":32,"column":26},"end":{"line":34,"column":3}},"9":{"start":{"line":36,"column":2},"end":{"line":78,"column":4}}},"fnMap":{"0":{"name":"(anonymous_0)","decl":{"start":{"line":15,"column":16},"end":{"line":15,"column":17}},"loc":{"start":{"line":15,"column":22},"end":{"line":79,"column":1}},"line":15},"1":{"name":"(anonymous_1)","decl":{"start":{"line":22,"column":12},"end":{"line":22,"column":13}},"loc":{"start":{"line":22,"column":18},"end":{"line":24,"column":3}},"line":22},"2":{"name":"(anonymous_2)","decl":{"start":{"line":27,"column":22},"end":{"line":27,"column":23}},"loc":{"start":{"line":27,"column":28},"end":{"line":30,"column":3}},"line":27},"3":{"name":"(anonymous_3)","decl":{"start":{"line":32,"column":26},"end":{"line":32,"column":27}},"loc":{"start":{"line":32,"column":32},"end":{"line":34,"column":3}},"line":32}},"branchMap":{"0":{"loc":{"start":{"line":39,"column":9},"end":{"line":45,"column":9}},"type":"binary-expr","locations":[{"start":{"line":39,"column":9},"end":{"line":39,"column":33}},{"start":{"line":40,"column":10},"end":{"line":44,"column":12}}],"line":39},"1":{"loc":{"start":{"line":47,"column":9},"end":{"line":53,"column":9}},"type":"binary-expr","locations":[{"start":{"line":47,"column":9},"end":{"line":47,"column":35}},{"start":{"line":48,"column":10},"end":{"line":52,"column":12}}],"line":47},"2":{"loc":{"start":{"line":56,"column":9},"end":{"line":60,"column":9}},"type":"cond-expr","locations":[{"start":{"line":57,"column":10},"end":{"line":57,"column":68}},{"start":{"line":59,"column":10},"end":{"line":59,"column":74}}],"line":56}},"s":{"0":0,"1":0,"2":0,"3":0,"4":0,"5":0,"6":0,"7":0,"8":0,"9":0},"f":{"0":0,"1":0,"2":0,"3":0},"b":{"0":[0,0],"1":[0,0],"2":[0,0]}}
,"C:\\Users\\Tony\\Documents\\RealFans\\realfans\\client\\src\\Components\\Subscriptions\\Subscriptions.js": {"path":"C:\\Users\\Tony\\Documents\\RealFans\\realfans\\client\\src\\Components\\Subscriptions\\Subscriptions.js","statementMap":{"0":{"start":{"line":1,"column":22},"end":{"line":7,"column":1}},"1":{"start":{"line":2,"column":2},"end":{"line":6,"column":4}}},"fnMap":{"0":{"name":"(anonymous_0)","decl":{"start":{"line":1,"column":22},"end":{"line":1,"column":23}},"loc":{"start":{"line":1,"column":28},"end":{"line":7,"column":1}},"line":1}},"branchMap":{},"s":{"0":0,"1":0},"f":{"0":0},"b":{}}
,"C:\\Users\\Tony\\Documents\\RealFans\\realfans\\client\\src\\Components\\UserSettings\\EditAccount.js": {"path":"C:\\Users\\Tony\\Documents\\RealFans\\realfans\\client\\src\\Components\\UserSettings\\EditAccount.js","statementMap":{"0":{"start":{"line":4,"column":20},"end":{"line":79,"column":1}},"1":{"start":{"line":5,"column":2},"end":{"line":78,"column":4}}},"fnMap":{"0":{"name":"(anonymous_0)","decl":{"start":{"line":4,"column":20},"end":{"line":4,"column":21}},"loc":{"start":{"line":4,"column":26},"end":{"line":79,"column":1}},"line":4}},"branchMap":{},"s":{"0":0,"1":0},"f":{"0":0},"b":{}}
,"C:\\Users\\Tony\\Documents\\RealFans\\realfans\\client\\src\\Components\\UserSettings\\EditNotifications.js": {"path":"C:\\Users\\Tony\\Documents\\RealFans\\realfans\\client\\src\\Components\\UserSettings\\EditNotifications.js","statementMap":{"0":{"start":{"line":1,"column":26},"end":{"line":7,"column":1}},"1":{"start":{"line":2,"column":2},"end":{"line":6,"column":4}}},"fnMap":{"0":{"name":"(anonymous_0)","decl":{"start":{"line":1,"column":26},"end":{"line":1,"column":27}},"loc":{"start":{"line":1,"column":32},"end":{"line":7,"column":1}},"line":1}},"branchMap":{},"s":{"0":0,"1":0},"f":{"0":0},"b":{}}
,"C:\\Users\\Tony\\Documents\\RealFans\\realfans\\client\\src\\Components\\UserSettings\\EditPrivacy.js": {"path":"C:\\Users\\Tony\\Documents\\RealFans\\realfans\\client\\src\\Components\\UserSettings\\EditPrivacy.js","statementMap":{"0":{"start":{"line":1,"column":20},"end":{"line":7,"column":1}},"1":{"start":{"line":2,"column":2},"end":{"line":6,"column":4}}},"fnMap":{"0":{"name":"(anonymous_0)","decl":{"start":{"line":1,"column":20},"end":{"line":1,"column":21}},"loc":{"start":{"line":1,"column":26},"end":{"line":7,"column":1}},"line":1}},"branchMap":{},"s":{"0":0,"1":0},"f":{"0":0},"b":{}}
,"C:\\Users\\Tony\\Documents\\RealFans\\realfans\\client\\src\\Components\\UserSettings\\EditProfile.js": {"path":"C:\\Users\\Tony\\Documents\\RealFans\\realfans\\client\\src\\Components\\UserSettings\\EditProfile.js","statementMap":{"0":{"start":{"line":11,"column":20},"end":{"line":212,"column":1}},"1":{"start":{"line":12,"column":26},"end":{"line":19,"column":4}},"2":{"start":{"line":20,"column":30},"end":{"line":20,"column":42}},"3":{"start":{"line":21,"column":42},"end":{"line":21,"column":57}},"4":{"start":{"line":24,"column":2},"end":{"line":26,"column":9}},"5":{"start":{"line":25,"column":4},"end":{"line":25,"column":54}},"6":{"start":{"line":29,"column":30},"end":{"line":29,"column":42}},"7":{"start":{"line":30,"column":28},"end":{"line":30,"column":40}},"8":{"start":{"line":32,"column":21},"end":{"line":35,"column":3}},"9":{"start":{"line":34,"column":4},"end":{"line":34,"column":27}},"10":{"start":{"line":38,"column":27},"end":{"line":40,"column":3}},"11":{"start":{"line":38,"column":37},"end":{"line":40,"column":3}},"12":{"start":{"line":39,"column":4},"end":{"line":39,"column":53}},"13":{"start":{"line":42,"column":21},"end":{"line":47,"column":3}},"14":{"start":{"line":43,"column":4},"end":{"line":43,"column":23}},"15":{"start":{"line":44,"column":19},"end":{"line":44,"column":59}},"16":{"start":{"line":45,"column":4},"end":{"line":45,"column":24}},"17":{"start":{"line":46,"column":4},"end":{"line":46,"column":70}},"18":{"start":{"line":49,"column":27},"end":{"line":58,"column":3}},"19":{"start":{"line":50,"column":4},"end":{"line":57,"column":5}},"20":{"start":{"line":51,"column":21},"end":{"line":53,"column":8}},"21":{"start":{"line":54,"column":6},"end":{"line":54,"column":26}},"22":{"start":{"line":56,"column":6},"end":{"line":56,"column":25}},"23":{"start":{"line":60,"column":31},"end":{"line":65,"column":3}},"24":{"start":{"line":61,"column":4},"end":{"line":61,"column":23}},"25":{"start":{"line":62,"column":4},"end":{"line":64,"column":7}},"26":{"start":{"line":63,"column":6},"end":{"line":63,"column":49}},"27":{"start":{"line":67,"column":29},"end":{"line":73,"column":3}},"28":{"start":{"line":68,"column":4},"end":{"line":68,"column":23}},"29":{"start":{"line":69,"column":4},"end":{"line":69,"column":32}},"30":{"start":{"line":70,"column":4},"end":{"line":72,"column":7}},"31":{"start":{"line":71,"column":6},"end":{"line":71,"column":47}},"32":{"start":{"line":75,"column":2},"end":{"line":211,"column":4}},"33":{"start":{"line":88,"column":27},"end":{"line":88,"column":56}},"34":{"start":{"line":106,"column":27},"end":{"line":106,"column":58}},"35":{"start":{"line":201,"column":22},"end":{"line":201,"column":45}}},"fnMap":{"0":{"name":"(anonymous_0)","decl":{"start":{"line":11,"column":20},"end":{"line":11,"column":21}},"loc":{"start":{"line":11,"column":26},"end":{"line":212,"column":1}},"line":11},"1":{"name":"(anonymous_1)","decl":{"start":{"line":24,"column":12},"end":{"line":24,"column":13}},"loc":{"start":{"line":24,"column":18},"end":{"line":26,"column":3}},"line":24},"2":{"name":"(anonymous_2)","decl":{"start":{"line":32,"column":21},"end":{"line":32,"column":22}},"loc":{"start":{"line":32,"column":33},"end":{"line":35,"column":3}},"line":32},"3":{"name":"(anonymous_3)","decl":{"start":{"line":38,"column":27},"end":{"line":38,"column":28}},"loc":{"start":{"line":38,"column":37},"end":{"line":40,"column":3}},"line":38},"4":{"name":"(anonymous_4)","decl":{"start":{"line":38,"column":37},"end":{"line":38,"column":38}},"loc":{"start":{"line":38,"column":48},"end":{"line":40,"column":3}},"line":38},"5":{"name":"(anonymous_5)","decl":{"start":{"line":42,"column":21},"end":{"line":42,"column":22}},"loc":{"start":{"line":42,"column":34},"end":{"line":47,"column":3}},"line":42},"6":{"name":"(anonymous_6)","decl":{"start":{"line":49,"column":27},"end":{"line":49,"column":28}},"loc":{"start":{"line":49,"column":40},"end":{"line":58,"column":3}},"line":49},"7":{"name":"(anonymous_7)","decl":{"start":{"line":60,"column":31},"end":{"line":60,"column":32}},"loc":{"start":{"line":60,"column":38},"end":{"line":65,"column":3}},"line":60},"8":{"name":"(anonymous_8)","decl":{"start":{"line":62,"column":65},"end":{"line":62,"column":66}},"loc":{"start":{"line":62,"column":75},"end":{"line":64,"column":5}},"line":62},"9":{"name":"(anonymous_9)","decl":{"start":{"line":67,"column":29},"end":{"line":67,"column":30}},"loc":{"start":{"line":67,"column":36},"end":{"line":73,"column":3}},"line":67},"10":{"name":"(anonymous_10)","decl":{"start":{"line":70,"column":65},"end":{"line":70,"column":66}},"loc":{"start":{"line":70,"column":75},"end":{"line":72,"column":5}},"line":70},"11":{"name":"(anonymous_11)","decl":{"start":{"line":88,"column":21},"end":{"line":88,"column":22}},"loc":{"start":{"line":88,"column":27},"end":{"line":88,"column":56}},"line":88},"12":{"name":"(anonymous_12)","decl":{"start":{"line":106,"column":21},"end":{"line":106,"column":22}},"loc":{"start":{"line":106,"column":27},"end":{"line":106,"column":58}},"line":106},"13":{"name":"(anonymous_13)","decl":{"start":{"line":200,"column":29},"end":{"line":200,"column":30}},"loc":{"start":{"line":200,"column":35},"end":{"line":202,"column":21}},"line":200}},"branchMap":{"0":{"loc":{"start":{"line":46,"column":4},"end":{"line":46,"column":69}},"type":"cond-expr","locations":[{"start":{"line":46,"column":26},"end":{"line":46,"column":47}},{"start":{"line":46,"column":50},"end":{"line":46,"column":69}}],"line":46},"1":{"loc":{"start":{"line":80,"column":11},"end":{"line":86,"column":11}},"type":"binary-expr","locations":[{"start":{"line":80,"column":11},"end":{"line":80,"column":35}},{"start":{"line":81,"column":12},"end":{"line":85,"column":14}}],"line":80},"2":{"loc":{"start":{"line":98,"column":11},"end":{"line":104,"column":11}},"type":"binary-expr","locations":[{"start":{"line":98,"column":11},"end":{"line":98,"column":37}},{"start":{"line":99,"column":12},"end":{"line":103,"column":14}}],"line":98},"3":{"loc":{"start":{"line":118,"column":7},"end":{"line":209,"column":7}},"type":"binary-expr","locations":[{"start":{"line":118,"column":7},"end":{"line":118,"column":11}},{"start":{"line":119,"column":8},"end":{"line":208,"column":15}}],"line":118},"4":{"loc":{"start":{"line":196,"column":15},"end":{"line":205,"column":15}},"type":"binary-expr","locations":[{"start":{"line":196,"column":15},"end":{"line":196,"column":27}},{"start":{"line":197,"column":16},"end":{"line":204,"column":22}}],"line":196}},"s":{"0":0,"1":0,"2":0,"3":0,"4":0,"5":0,"6":0,"7":0,"8":0,"9":0,"10":0,"11":0,"12":0,"13":0,"14":0,"15":0,"16":0,"17":0,"18":0,"19":0,"20":0,"21":0,"22":0,"23":0,"24":0,"25":0,"26":0,"27":0,"28":0,"29":0,"30":0,"31":0,"32":0,"33":0,"34":0,"35":0},"f":{"0":0,"1":0,"2":0,"3":0,"4":0,"5":0,"6":0,"7":0,"8":0,"9":0,"10":0,"11":0,"12":0,"13":0},"b":{"0":[0,0],"1":[0,0],"2":[0,0],"3":[0,0],"4":[0,0]}}
,"C:\\Users\\Tony\\Documents\\RealFans\\realfans\\client\\src\\Components\\UserSettings\\Settings.js": {"path":"C:\\Users\\Tony\\Documents\\RealFans\\realfans\\client\\src\\Components\\UserSettings\\Settings.js","statementMap":{"0":{"start":{"line":11,"column":17},"end":{"line":53,"column":1}},"1":{"start":{"line":12,"column":17},"end":{"line":12,"column":32}},"2":{"start":{"line":13,"column":2},"end":{"line":52,"column":4}}},"fnMap":{"0":{"name":"(anonymous_0)","decl":{"start":{"line":11,"column":17},"end":{"line":11,"column":18}},"loc":{"start":{"line":11,"column":23},"end":{"line":53,"column":1}},"line":11}},"branchMap":{},"s":{"0":0,"1":0,"2":0},"f":{"0":0},"b":{}}
,"C:\\Users\\Tony\\Documents\\RealFans\\realfans\\client\\src\\Services\\profileService.js": {"path":"C:\\Users\\Tony\\Documents\\RealFans\\realfans\\client\\src\\Services\\profileService.js","statementMap":{"0":{"start":{"line":3,"column":25},"end":{"line":15,"column":1}},"1":{"start":{"line":4,"column":2},"end":{"line":14,"column":3}},"2":{"start":{"line":5,"column":20},"end":{"line":7,"column":5}},"3":{"start":{"line":8,"column":21},"end":{"line":8,"column":52}},"4":{"start":{"line":9,"column":4},"end":{"line":11,"column":41}},"5":{"start":{"line":13,"column":4},"end":{"line":13,"column":23}}},"fnMap":{"0":{"name":"(anonymous_0)","decl":{"start":{"line":3,"column":25},"end":{"line":3,"column":26}},"loc":{"start":{"line":3,"column":62},"end":{"line":15,"column":1}},"line":3}},"branchMap":{"0":{"loc":{"start":{"line":9,"column":4},"end":{"line":11,"column":40}},"type":"cond-expr","locations":[{"start":{"line":10,"column":8},"end":{"line":10,"column":35}},{"start":{"line":11,"column":8},"end":{"line":11,"column":40}}],"line":9}},"s":{"0":0,"1":0,"2":0,"3":0,"4":0,"5":0},"f":{"0":0},"b":{"0":[0,0]}}
,"C:\\Users\\Tony\\Documents\\RealFans\\realfans\\client\\src\\Services\\upload-files-service.js": {"path":"C:\\Users\\Tony\\Documents\\RealFans\\realfans\\client\\src\\Services\\upload-files-service.js","statementMap":{"0":{"start":{"line":3,"column":22},"end":{"line":26,"column":1}},"1":{"start":{"line":4,"column":17},"end":{"line":4,"column":31}},"2":{"start":{"line":5,"column":2},"end":{"line":5,"column":32}},"3":{"start":{"line":7,"column":18},"end":{"line":11,"column":3}},"4":{"start":{"line":13,"column":2},"end":{"line":18,"column":3}},"5":{"start":{"line":14,"column":4},"end":{"line":17,"column":6}},"6":{"start":{"line":15,"column":25},"end":{"line":15,"column":59}},"7":{"start":{"line":16,"column":6},"end":{"line":16,"column":41}},"8":{"start":{"line":20,"column":2},"end":{"line":25,"column":3}},"9":{"start":{"line":21,"column":21},"end":{"line":21,"column":63}},"10":{"start":{"line":22,"column":4},"end":{"line":22,"column":41}},"11":{"start":{"line":24,"column":4},"end":{"line":24,"column":23}},"12":{"start":{"line":28,"column":24},"end":{"line":30,"column":1}},"13":{"start":{"line":29,"column":2},"end":{"line":29,"column":28}}},"fnMap":{"0":{"name":"(anonymous_0)","decl":{"start":{"line":3,"column":22},"end":{"line":3,"column":23}},"loc":{"start":{"line":3,"column":70},"end":{"line":26,"column":1}},"line":3},"1":{"name":"(anonymous_1)","decl":{"start":{"line":14,"column":31},"end":{"line":14,"column":32}},"loc":{"start":{"line":14,"column":48},"end":{"line":17,"column":5}},"line":14},"2":{"name":"(anonymous_2)","decl":{"start":{"line":28,"column":24},"end":{"line":28,"column":25}},"loc":{"start":{"line":28,"column":30},"end":{"line":30,"column":1}},"line":28}},"branchMap":{"0":{"loc":{"start":{"line":13,"column":2},"end":{"line":18,"column":3}},"type":"if","locations":[{"start":{"line":13,"column":2},"end":{"line":18,"column":3}},{"start":{"line":13,"column":2},"end":{"line":18,"column":3}}],"line":13}},"s":{"0":0,"1":0,"2":0,"3":0,"4":0,"5":0,"6":0,"7":0,"8":0,"9":0,"10":0,"11":0,"12":0,"13":0},"f":{"0":0,"1":0,"2":0},"b":{"0":[0,0]}}
,"C:\\Users\\Tony\\Documents\\RealFans\\realfans\\client\\src\\testing_assets\\Stripe_mocks.js": {"path":"C:\\Users\\Tony\\Documents\\RealFans\\realfans\\client\\src\\testing_assets\\Stripe_mocks.js","statementMap":{"0":{"start":{"line":1,"column":27},"end":{"line":6,"column":2}},"1":{"start":{"line":1,"column":34},"end":{"line":6,"column":1}},"2":{"start":{"line":8,"column":28},"end":{"line":19,"column":1}},"3":{"start":{"line":9,"column":19},"end":{"line":9,"column":21}},"4":{"start":{"line":10,"column":2},"end":{"line":18,"column":4}},"5":{"start":{"line":12,"column":6},"end":{"line":12,"column":37}},"6":{"start":{"line":13,"column":6},"end":{"line":13,"column":28}},"7":{"start":{"line":16,"column":6},"end":{"line":16,"column":36}},"8":{"start":{"line":21,"column":26},"end":{"line":31,"column":2}},"9":{"start":{"line":21,"column":33},"end":{"line":31,"column":1}},"10":{"start":{"line":22,"column":26},"end":{"line":22,"column":40}}},"fnMap":{"0":{"name":"(anonymous_0)","decl":{"start":{"line":1,"column":27},"end":{"line":1,"column":28}},"loc":{"start":{"line":1,"column":34},"end":{"line":6,"column":1}},"line":1},"1":{"name":"(anonymous_1)","decl":{"start":{"line":8,"column":28},"end":{"line":8,"column":29}},"loc":{"start":{"line":8,"column":34},"end":{"line":19,"column":1}},"line":8},"2":{"name":"(anonymous_2)","decl":{"start":{"line":11,"column":20},"end":{"line":11,"column":21}},"loc":{"start":{"line":11,"column":30},"end":{"line":14,"column":5}},"line":11},"3":{"name":"(anonymous_3)","decl":{"start":{"line":15,"column":24},"end":{"line":15,"column":25}},"loc":{"start":{"line":15,"column":34},"end":{"line":17,"column":5}},"line":15},"4":{"name":"(anonymous_4)","decl":{"start":{"line":21,"column":26},"end":{"line":21,"column":27}},"loc":{"start":{"line":21,"column":33},"end":{"line":31,"column":1}},"line":21},"5":{"name":"(anonymous_5)","decl":{"start":{"line":22,"column":20},"end":{"line":22,"column":21}},"loc":{"start":{"line":22,"column":26},"end":{"line":22,"column":40}},"line":22}},"branchMap":{"0":{"loc":{"start":{"line":16,"column":13},"end":{"line":16,"column":35}},"type":"binary-expr","locations":[{"start":{"line":16,"column":13},"end":{"line":16,"column":27}},{"start":{"line":16,"column":31},"end":{"line":16,"column":35}}],"line":16}},"s":{"0":0,"1":0,"2":0,"3":0,"4":0,"5":0,"6":0,"7":0,"8":0,"9":0,"10":0},"f":{"0":0,"1":0,"2":0,"3":0,"4":0,"5":0},"b":{"0":[0,0]}}
}
